
*** Running ngdbuild
    with args -intstyle ise -p xc6slx9tqg144-2 -dd _ngo -uc "mojo_top_0.ucf" "mojo_top_0.edf"


Command Line: C:\Xilinx\14.7\ISE_DS\ISE\bin\nt64\unwrapped\ngdbuild.exe
-intstyle ise -p xc6slx9tqg144-2 -dd _ngo -uc mojo_top_0.ucf mojo_top_0.edf

Executing edif2ngd -quiet "mojo_top_0.edf" "_ngo\mojo_top_0.ngo"
Release 14.7 - edif2ngd P.20131013 (nt64)
Copyright (c) 1995-2013 Xilinx, Inc.  All rights reserved.
Reading NGO file "C:/Users/Jing Yun/Desktop/50.002 Computation Structure/1D_Game
Design/502IntGitRepo/5021DInt/work/planAhead/Integrate1/Integrate1.runs/impl_1/_
ngo/mojo_top_0.ngo" ...
Gathering constraint information from source properties...
Done.

Annotating constraints to design from ucf file "mojo_top_0.ucf" ...
Resolving constraint associations...
Checking Constraint Associations...
Done...

Checking expanded design ...

Partition Implementation Status
-------------------------------

  No Partitions were found in this design.

-------------------------------

NGDBUILD Design Results Summary:
  Number of errors:     0
  Number of warnings:   0

Writing NGD file "mojo_top_0.ngd" ...
Total REAL time to NGDBUILD completion:  7 sec
Total CPU time to NGDBUILD completion:   3 sec

Writing NGDBUILD log file "mojo_top_0.bld"...

NGDBUILD done.

*** Running map
    with args -intstyle pa -w -pr b -mt on "mojo_top_0.ngd"

Using target part "6slx9tqg144-2".
INFO:Map:284 - Map is running with the multi-threading option on. Map currently
   supports the use of up to 2 processors. Based on the the user options and
   machine load, Map will use 2 processors during this run.
Mapping design into LUTs...
WARNING:MapLib:701 - Signal spi_channel[3] connected to top level port
   spi_channel(3) has been removed.
WARNING:MapLib:701 - Signal spi_channel[2] connected to top level port
   spi_channel(2) has been removed.
WARNING:MapLib:701 - Signal spi_channel[1] connected to top level port
   spi_channel(1) has been removed.
WARNING:MapLib:701 - Signal spi_channel[0] connected to top level port
   spi_channel(0) has been removed.
WARNING:MapLib:701 - Signal spi_miso connected to top level port spi_miso has
   been removed.
WARNING:MapLib:701 - Signal avr_rx connected to top level port avr_rx has been
   removed.
Running directed packing...
Running delay-based LUT packing...
Updating timing models...
INFO:Map:215 - The Interim Design Summary has been generated in the MAP Report
   (.mrp).
Running timing-driven placement...
Total REAL time at the beginning of Placer: 4 secs 
Total CPU  time at the beginning of Placer: 3 secs 

Phase 1.1  Initial Placement Analysis
Phase 1.1  Initial Placement Analysis (Checksum:99384e35) REAL time: 4 secs 

Phase 2.7  Design Feasibility Check
INFO:Place:834 - Only a subset of IOs are locked. Out of 44 IOs, 32 are locked
   and 12 are not locked. If you would like to print the names of these IOs,
   please set the environment variable XIL_PAR_DESIGN_CHECK_VERBOSE to 1. 
Phase 2.7  Design Feasibility Check (Checksum:99384e35) REAL time: 4 secs 

Phase 3.31  Local Placement Optimization
Phase 3.31  Local Placement Optimization (Checksum:99384e35) REAL time: 4 secs 

